Nov-27 16:49:24.773 [main] DEBUG nextflow.cli.Launcher - $> nextflow ./allcaps.nf
Nov-27 16:49:24.936 [main] DEBUG nextflow.cli.CmdRun - N E X T F L O W  ~  version 24.10.2
Nov-27 16:49:24.967 [main] DEBUG nextflow.plugin.PluginsFacade - Setting up plugin manager > mode=prod; embedded=false; plugins-dir=/home/ronaldli/.nextflow/plugins; core-plugins: nf-amazon@2.9.2,nf-azure@1.10.2,nf-cloudcache@0.4.2,nf-codecommit@0.2.2,nf-console@1.1.4,nf-google@1.15.2,nf-tower@1.9.3,nf-wave@1.7.4
Nov-27 16:49:25.018 [main] INFO  o.pf4j.DefaultPluginStatusProvider - Enabled plugins: []
Nov-27 16:49:25.024 [main] INFO  o.pf4j.DefaultPluginStatusProvider - Disabled plugins: []
Nov-27 16:49:25.029 [main] INFO  org.pf4j.DefaultPluginManager - PF4J version 3.12.0 in 'deployment' mode
Nov-27 16:49:25.066 [main] INFO  org.pf4j.AbstractPluginManager - No plugins
Nov-27 16:49:25.104 [main] DEBUG nextflow.config.ConfigBuilder - Found config local: /mnt/c/Users/admin/mini-assignments-RonCodes88/A15_nextflow/nextflow.config
Nov-27 16:49:25.109 [main] DEBUG nextflow.config.ConfigBuilder - Parsing config file: /mnt/c/Users/admin/mini-assignments-RonCodes88/A15_nextflow/nextflow.config
Nov-27 16:49:25.160 [main] DEBUG n.secret.LocalSecretsProvider - Secrets store: /home/ronaldli/.nextflow/secrets/store.json
Nov-27 16:49:25.167 [main] DEBUG nextflow.secret.SecretsLoader - Discovered secrets providers: [nextflow.secret.LocalSecretsProvider@61e45f87] - activable => nextflow.secret.LocalSecretsProvider@61e45f87
Nov-27 16:49:25.180 [main] DEBUG nextflow.config.ConfigBuilder - Applying config profile: `standard`
Nov-27 16:49:25.828 [main] DEBUG nextflow.cli.CmdRun - Applied DSL=2 by global default
Nov-27 16:49:25.853 [main] DEBUG nextflow.cli.CmdRun - Launching `./allcaps.nf` [curious_franklin] DSL2 - revision: 96650ec6d5
Nov-27 16:49:25.874 [main] DEBUG nextflow.plugin.PluginsFacade - Plugins default=[]
Nov-27 16:49:25.876 [main] DEBUG nextflow.plugin.PluginsFacade - Plugins resolved requirement=[]
Nov-27 16:49:25.959 [main] DEBUG nextflow.Session - Session UUID: cdf3cc23-dd2b-4095-aad6-6571a86ca4d2
Nov-27 16:49:25.960 [main] DEBUG nextflow.Session - Run name: curious_franklin
Nov-27 16:49:25.962 [main] DEBUG nextflow.Session - Executor pool size: 12
Nov-27 16:49:25.975 [main] DEBUG nextflow.file.FilePorter - File porter settings maxRetries=3; maxTransfers=50; pollTimeout=null
Nov-27 16:49:25.985 [main] DEBUG nextflow.util.ThreadPoolBuilder - Creating thread pool 'FileTransfer' minSize=10; maxSize=36; workQueue=LinkedBlockingQueue[10000]; allowCoreThreadTimeout=false
Nov-27 16:49:26.019 [main] DEBUG nextflow.cli.CmdRun - 
  Version: 24.10.2 build 5932
  Created: 27-11-2024 21:23 UTC (13:23 PDT)
  System: Linux 5.15.146.1-microsoft-standard-WSL2
  Runtime: Groovy 4.0.23 on OpenJDK 64-Bit Server VM 21.0.5+11-Ubuntu-1ubuntu124.04
  Encoding: UTF-8 (UTF-8)
  Process: 3315@DESKTOP-BG3RPO3 [127.0.1.1]
  CPUs: 12 - Mem: 7.6 GB (3.8 GB) - Swap: 2 GB (2 GB)
Nov-27 16:49:26.070 [main] DEBUG nextflow.Session - Work-dir: /mnt/c/Users/admin/mini-assignments-RonCodes88/A15_nextflow/work [v9fs]
Nov-27 16:49:26.071 [main] DEBUG nextflow.Session - Script base path does not exist or is not a directory: /mnt/c/Users/admin/mini-assignments-RonCodes88/A15_nextflow/bin
Nov-27 16:49:26.103 [main] DEBUG nextflow.executor.ExecutorFactory - Extension executors providers=[]
Nov-27 16:49:26.127 [main] DEBUG nextflow.Session - Observer factory: DefaultObserverFactory
Nov-27 16:49:26.170 [main] DEBUG nextflow.cache.CacheFactory - Using Nextflow cache factory: nextflow.cache.DefaultCacheFactory
Nov-27 16:49:26.185 [main] DEBUG nextflow.util.CustomThreadPool - Creating default thread pool > poolSize: 13; maxThreads: 1000
Nov-27 16:49:26.365 [main] DEBUG nextflow.Session - Session start
Nov-27 16:49:26.590 [main] DEBUG nextflow.script.ScriptRunner - > Launching execution
Nov-27 16:49:26.745 [main] DEBUG nextflow.executor.ExecutorFactory - << taskConfig executor: null
Nov-27 16:49:26.746 [main] DEBUG nextflow.executor.ExecutorFactory - >> processorType: 'local'
Nov-27 16:49:26.756 [main] DEBUG nextflow.executor.Executor - [warm up] executor > local
Nov-27 16:49:26.770 [main] DEBUG n.processor.LocalPollingMonitor - Creating local task monitor for executor 'local' > cpus=12; memory=7.6 GB; capacity=12; pollInterval=100ms; dumpInterval=5m
Nov-27 16:49:26.774 [main] DEBUG n.processor.TaskPollingMonitor - >>> barrier register (monitor: local)
Nov-27 16:49:26.891 [main] DEBUG nextflow.Session - Workflow process names [dsl2]: convertToCaps
Nov-27 16:49:26.893 [main] DEBUG nextflow.Session - Igniting dataflow network (1)
Nov-27 16:49:26.894 [main] DEBUG nextflow.processor.TaskProcessor - Starting process > convertToCaps
Nov-27 16:49:26.896 [main] DEBUG nextflow.script.ScriptRunner - Parsed script files:
  Script_7a1b0a746d91e5f3: /mnt/c/Users/admin/mini-assignments-RonCodes88/A15_nextflow/allcaps.nf
Nov-27 16:49:26.897 [main] DEBUG nextflow.script.ScriptRunner - > Awaiting termination 
Nov-27 16:49:26.898 [main] DEBUG nextflow.Session - Session await
Nov-27 16:49:27.128 [Task submitter] DEBUG n.executor.local.LocalTaskHandler - Launch cmd line: /bin/bash -ue .command.run
Nov-27 16:49:27.132 [Task submitter] INFO  nextflow.Session - [62/442c3e] Submitted process > convertToCaps
Nov-27 16:49:27.181 [Task monitor] DEBUG n.processor.TaskPollingMonitor - Task completed > TaskHandler[id: 1; name: convertToCaps; status: COMPLETED; exit: 0; error: -; workDir: /mnt/c/Users/admin/mini-assignments-RonCodes88/A15_nextflow/work/62/442c3e1457df8e36ba38c09a9b0f7c]
Nov-27 16:49:27.182 [Task monitor] DEBUG nextflow.util.ThreadPoolBuilder - Creating thread pool 'TaskFinalizer' minSize=10; maxSize=36; workQueue=LinkedBlockingQueue[10000]; allowCoreThreadTimeout=false
Nov-27 16:49:27.213 [main] DEBUG nextflow.Session - Session await > all processes finished
Nov-27 16:49:27.274 [Task monitor] DEBUG n.processor.TaskPollingMonitor - <<< barrier arrives (monitor: local) - terminating tasks monitor poll loop
Nov-27 16:49:27.275 [main] DEBUG nextflow.Session - Session await > all barriers passed
Nov-27 16:49:27.278 [main] DEBUG nextflow.util.ThreadPoolManager - Thread pool 'TaskFinalizer' shutdown completed (hard=false)
Nov-27 16:49:27.284 [main] DEBUG n.trace.WorkflowStatsObserver - Workflow completed > WorkflowStats[succeededCount=1; failedCount=0; ignoredCount=0; cachedCount=0; pendingCount=0; submittedCount=0; runningCount=0; retriesCount=0; abortedCount=0; succeedDuration=3ms; failedDuration=0ms; cachedDuration=0ms;loadCpus=0; loadMemory=0; peakRunning=1; peakCpus=1; peakMemory=0; ]
Nov-27 16:49:27.417 [main] DEBUG nextflow.cache.CacheDB - Closing CacheDB done
Nov-27 16:49:27.456 [main] DEBUG nextflow.util.ThreadPoolManager - Thread pool 'FileTransfer' shutdown completed (hard=false)
Nov-27 16:49:27.457 [main] DEBUG nextflow.script.ScriptRunner - > Execution complete -- Goodbye
